<?xml version="1.0" encoding="UTF-8"?>
<testng-results ignored="0" total="1" passed="1" failed="0" skipped="0">
  <reporter-output>
  </reporter-output>
  <suite started-at="2024-09-18T10:54:37 IST" name="Default suite" finished-at="2024-09-18T10:54:41 IST" duration-ms="3329">
    <groups>
    </groups>
    <test started-at="2024-09-18T10:54:37 IST" name="Default test" finished-at="2024-09-18T10:54:41 IST" duration-ms="3329">
      <class name="AdvancePayloadCreationStrategies7">
        <test-method signature="Addbook()[pri:0, instance:AdvancePayloadCreationStrategies7@51399530]" started-at="2024-09-18T10:54:37 IST" name="Addbook" finished-at="2024-09-18T10:54:41 IST" duration-ms="3235" status="PASS">
          <reporter-output>
          </reporter-output>
        </test-method> <!-- Addbook -->
      </class> <!-- AdvancePayloadCreationStrategies7 -->
    </test> <!-- Default test -->
  </suite> <!-- Default suite -->
</testng-results>
